Using pre-set license
Built from '2020.3/release' branch; Version is '2020.3.34f1 (9a4c9c70452b) revision 10112156'; Using compiler version '192528614'; Build Type 'Release'
OS: 'Windows 10  (10.0.19043) 64bit Professional' Language: 'fr' Physical Memory: 32613 MB
BatchMode: 1, IsHumanControllingUs: 0, StartBugReporterOnCrash: 0, Is64bit: 1, IsPro: 0

COMMAND LINE ARGUMENTS:
C:\Program Files\Unity\Hub\Editor\2020.3.34f1\Editor\Unity.exe
-adb2
-batchMode
-noUpm
-name
AssetImportWorker0
-projectPath
C:/Users/game2/Documents/GitHub/ColorsEnd/ColorsEnd
-logFile
Logs/AssetImportWorker0.log
-srvPort
49592
Successfully changed project path to: C:/Users/game2/Documents/GitHub/ColorsEnd/ColorsEnd
C:/Users/game2/Documents/GitHub/ColorsEnd/ColorsEnd
Using Asset Import Pipeline V2.
Refreshing native plugins compatible for Editor in 43.03 ms, found 2 plugins.
Preloading 0 native plugins for Editor in 0.00 ms.
Initialize engine version: 2020.3.34f1 (9a4c9c70452b)
[Subsystems] Discovering subsystems at path C:/Program Files/Unity/Hub/Editor/2020.3.34f1/Editor/Data/Resources/UnitySubsystems
[Subsystems] Discovering subsystems at path C:/Users/game2/Documents/GitHub/ColorsEnd/ColorsEnd/Assets
GfxDevice: creating device client; threaded=0
Direct3D:
    Version:  Direct3D 11.0 [level 11.1]
    Renderer: NVIDIA Quadro RTX 4000 (ID=0x1eb1)
    Vendor:   
    VRAM:     8018 MB
    Driver:   30.0.14.7212
Initialize mono
Mono path[0] = 'C:/Program Files/Unity/Hub/Editor/2020.3.34f1/Editor/Data/Managed'
Mono path[1] = 'C:/Program Files/Unity/Hub/Editor/2020.3.34f1/Editor/Data/MonoBleedingEdge/lib/mono/unityjit'
Mono config path = 'C:/Program Files/Unity/Hub/Editor/2020.3.34f1/Editor/Data/MonoBleedingEdge/etc'
Using monoOptions --debugger-agent=transport=dt_socket,embedding=1,server=y,suspend=n,address=127.0.0.1:56708
Begin MonoManager ReloadAssembly
Registering precompiled unity dll's ...
Register platform support module: C:/Program Files/Unity/Hub/Editor/2020.3.34f1/Editor/Data/PlaybackEngines/WindowsStandaloneSupport/UnityEditor.WindowsStandalone.Extensions.dll
Registered in 0.001153 seconds.
Native extension for WindowsStandalone target not found
Refreshing native plugins compatible for Editor in 43.68 ms, found 2 plugins.
Preloading 0 native plugins for Editor in 0.00 ms.
Mono: successfully reloaded assembly
- Completed reload, in  0.472 seconds
Domain Reload Profiling:
	ReloadAssembly (472ms)
		BeginReloadAssembly (47ms)
			ExecutionOrderSort (0ms)
			DisableScriptedObjects (0ms)
			BackupInstance (0ms)
			ReleaseScriptingObjects (0ms)
			CreateAndSetChildDomain (1ms)
		EndReloadAssembly (370ms)
			LoadAssemblies (46ms)
			RebuildTransferFunctionScriptingTraits (0ms)
			SetupTypeCache (118ms)
			ReleaseScriptCaches (0ms)
			RebuildScriptCaches (23ms)
			SetupLoadedEditorAssemblies (149ms)
				LogAssemblyErrors (0ms)
				InitializePlatformSupportModulesInManaged (3ms)
				SetLoadedEditorAssemblies (0ms)
				RefreshPlugins (44ms)
				BeforeProcessingInitializeOnLoad (13ms)
				ProcessInitializeOnLoadAttributes (66ms)
				ProcessInitializeOnLoadMethodAttributes (22ms)
				AfterProcessingInitializeOnLoad (0ms)
				EditorAssembliesLoaded (0ms)
			ExecutionOrderSort2 (0ms)
			AwakeInstancesAfterBackupRestoration (0ms)
Platform modules already initialized, skipping
Registering precompiled user dll's ...
Registered in 0.002332 seconds.
Begin MonoManager ReloadAssembly
Symbol file data-00000167F15ED960 doesn't match image C:\Users\game2\Documents\GitHub\ColorsEnd\ColorsEnd\Library\ScriptAssemblies\Assembly-CSharp.dll
Symbol file LoadedFromMemory is not a mono symbol file
Symbol file data-00000167F541C220 doesn't match image C:\Users\game2\Documents\GitHub\ColorsEnd\ColorsEnd\Library\ScriptAssemblies\UnityEngine.TestRunner.dll
Symbol file LoadedFromMemory is not a mono symbol file
Symbol file data-00000167F541C220 doesn't match image C:\Users\game2\Documents\GitHub\ColorsEnd\ColorsEnd\Library\ScriptAssemblies\Unity.Timeline.dll
Symbol file LoadedFromMemory is not a mono symbol file
Symbol file data-00000167F671E010 doesn't match image C:\Users\game2\Documents\GitHub\ColorsEnd\ColorsEnd\Library\ScriptAssemblies\Unity.TextMeshPro.dll
Symbol file LoadedFromMemory is not a mono symbol file
Symbol file data-00000167F1803920 doesn't match image C:\Users\game2\Documents\GitHub\ColorsEnd\ColorsEnd\Library\ScriptAssemblies\UnityEngine.UI.dll
Symbol file LoadedFromMemory is not a mono symbol file
Native extension for WindowsStandalone target not found
Refreshing native plugins compatible for Editor in 45.50 ms, found 2 plugins.
Preloading 0 native plugins for Editor in 0.00 ms.
Mono: successfully reloaded assembly
- Completed reload, in  0.901 seconds
Domain Reload Profiling:
	ReloadAssembly (902ms)
		BeginReloadAssembly (117ms)
			ExecutionOrderSort (0ms)
			DisableScriptedObjects (4ms)
			BackupInstance (0ms)
			ReleaseScriptingObjects (0ms)
			CreateAndSetChildDomain (15ms)
		EndReloadAssembly (739ms)
			LoadAssemblies (75ms)
			RebuildTransferFunctionScriptingTraits (0ms)
			SetupTypeCache (246ms)
			ReleaseScriptCaches (0ms)
			RebuildScriptCaches (39ms)
			SetupLoadedEditorAssemblies (288ms)
				LogAssemblyErrors (0ms)
				InitializePlatformSupportModulesInManaged (3ms)
				SetLoadedEditorAssemblies (0ms)
				RefreshPlugins (46ms)
				BeforeProcessingInitializeOnLoad (71ms)
				ProcessInitializeOnLoadAttributes (152ms)
				ProcessInitializeOnLoadMethodAttributes (12ms)
				AfterProcessingInitializeOnLoad (4ms)
				EditorAssembliesLoaded (0ms)
			ExecutionOrderSort2 (0ms)
			AwakeInstancesAfterBackupRestoration (2ms)
Platform modules already initialized, skipping
========================================================================
Worker process is ready to serve import requests
Launched and connected shader compiler UnityShaderCompiler.exe after 0.03 seconds
Refreshing native plugins compatible for Editor in 0.46 ms, found 2 plugins.
Preloading 0 native plugins for Editor in 0.00 ms.
Unloading 2870 Unused Serialized files (Serialized files now loaded: 0)
System memory in use before: 143.5 MB.
System memory in use after: 143.7 MB.

Unloading 16 unused Assets to reduce memory usage. Loaded Objects now: 3324.
Total: 2.526100 ms (FindLiveObjects: 0.201700 ms CreateObjectMapping: 0.135000 ms MarkObjects: 2.171400 ms  DeleteObjects: 0.017600 ms)

AssetImportParameters requested are different than current active one (requested -> active):
  custom:framework-win-MediaFoundation: 216162199b28c13a410421893ffa2e32 -> 
  custom:video-decoder-ogg-theora: a1e56fd34408186e4bbccfd4996cb3dc -> 
  custom:container-muxer-webm: aa71ff27fc2769a1b78a27578f13a17b -> 
  custom:container-demuxer-webm: 4f35f7cbe854078d1ac9338744f61a02 -> 
  custom:container-demuxer-ogg: 62fdf1f143b41e24485cea50d1cbac27 -> 
  custom:video-encoder-webm-vp8: eb34c28f22e8b96e1ab97ce403110664 -> 
  custom:video-decoder-webm-vp8: 9c59270c3fd7afecdb556c50c9e8de78 -> 
  custom:audio-decoder-ogg-vorbis: bf7c407c2cedff20999df2af8eb42d56 -> 
  custom:audio-encoder-webm-vorbis: bf7c407c2cedff20999df2af8eb42d56 -> 
========================================================================
Received Import Request.
  path: Assets/Audio
  artifactKey: Guid(09db8ede91fb2a847b93ff2094b27aee) Importer(815301076,1909f56bfc062723c751e8b465ee728b)
Start importing Assets/Audio using Guid(09db8ede91fb2a847b93ff2094b27aee) Importer(815301076,1909f56bfc062723c751e8b465ee728b)  -> (artifact id: 'f1984c2d8859f1ad31336a8fc320a800') in 0.005348 seconds 
========================================================================
Received Import Request.
  Time since last request: 28.323178 seconds.
  path: Assets/Sprite/SpriteSheet/SpriteSheet_Couleurs
  artifactKey: Guid(af58a4fa8b99d95449fb5df200e649e2) Importer(815301076,1909f56bfc062723c751e8b465ee728b)
Start importing Assets/Sprite/SpriteSheet/SpriteSheet_Couleurs using Guid(af58a4fa8b99d95449fb5df200e649e2) Importer(815301076,1909f56bfc062723c751e8b465ee728b)  -> (artifact id: '1d97d00a56ecb6be1203521fb545eb61') in 0.002786 seconds 
========================================================================
Received Import Request.
  Time since last request: 0.663436 seconds.
  path: Assets/Sprite/SpriteSheet/SpriteSheet_Couleurs/Color baby walk
  artifactKey: Guid(732913401a169a64fa9aecacb77e463b) Importer(815301076,1909f56bfc062723c751e8b465ee728b)
Start importing Assets/Sprite/SpriteSheet/SpriteSheet_Couleurs/Color baby walk using Guid(732913401a169a64fa9aecacb77e463b) Importer(815301076,1909f56bfc062723c751e8b465ee728b)  -> (artifact id: 'fe758cef16c03e362bf1ce17a7b19bc6') in 0.002830 seconds 
========================================================================
Received Import Request.
  Time since last request: 0.539362 seconds.
  path: Assets/Sprite/SpriteSheet/SpriteSheet_Couleurs/Color baby walk/anim.unitypackage
  artifactKey: Guid(abcf8e5f4b7eea049b68d03611030293) Importer(815301076,1909f56bfc062723c751e8b465ee728b)
Start importing Assets/Sprite/SpriteSheet/SpriteSheet_Couleurs/Color baby walk/anim.unitypackage using Guid(abcf8e5f4b7eea049b68d03611030293) Importer(815301076,1909f56bfc062723c751e8b465ee728b)  -> (artifact id: 'bd591af992e31f1cda14ae8a1967ab7f') in 0.025145 seconds 
========================================================================
Received Prepare
Refreshing native plugins compatible for Editor in 2.28 ms, found 2 plugins.
Preloading 0 native plugins for Editor in 0.00 ms.
Unloading 10 Unused Serialized files (Serialized files now loaded: 0)
System memory in use before: 83.9 MB.
System memory in use after: 84.1 MB.

Unloading 10 unused Assets to reduce memory usage. Loaded Objects now: 3326.
Total: 2.734700 ms (FindLiveObjects: 0.223500 ms CreateObjectMapping: 0.111300 ms MarkObjects: 2.387300 ms  DeleteObjects: 0.012000 ms)

AssetImportParameters requested are different than current active one (requested -> active):
  custom:framework-win-MediaFoundation: 216162199b28c13a410421893ffa2e32 -> 
  custom:video-decoder-ogg-theora: a1e56fd34408186e4bbccfd4996cb3dc -> 
  custom:container-muxer-webm: aa71ff27fc2769a1b78a27578f13a17b -> 
  custom:container-demuxer-webm: 4f35f7cbe854078d1ac9338744f61a02 -> 
  custom:container-demuxer-ogg: 62fdf1f143b41e24485cea50d1cbac27 -> 
  custom:video-encoder-webm-vp8: eb34c28f22e8b96e1ab97ce403110664 -> 
  custom:video-decoder-webm-vp8: 9c59270c3fd7afecdb556c50c9e8de78 -> 
  custom:audio-decoder-ogg-vorbis: bf7c407c2cedff20999df2af8eb42d56 -> 
  custom:audio-encoder-webm-vorbis: bf7c407c2cedff20999df2af8eb42d56 -> 
========================================================================
Received Import Request.
  Time since last request: 158.948483 seconds.
  path: Assets/Sprite/SpriteSheet/SpriteSheet_Couleurs/adult color Idle
  artifactKey: Guid(00d3661d71332c944b84c923b9f5831f) Importer(815301076,1909f56bfc062723c751e8b465ee728b)
Start importing Assets/Sprite/SpriteSheet/SpriteSheet_Couleurs/adult color Idle using Guid(00d3661d71332c944b84c923b9f5831f) Importer(815301076,1909f56bfc062723c751e8b465ee728b)  -> (artifact id: '48e8cf617f74f995c6b6e9690b0ee763') in 0.003212 seconds 
========================================================================
Received Import Request.
  Time since last request: 0.061676 seconds.
  path: Assets/Sprite/SpriteSheet/SpriteSheet_Couleurs/adult color Idle/idle adult bleu.png
  artifactKey: Guid(bcca4ea826f88734b9ed3ed85bc70bc5) Importer(815301076,1909f56bfc062723c751e8b465ee728b)
Start importing Assets/Sprite/SpriteSheet/SpriteSheet_Couleurs/adult color Idle/idle adult bleu.png using Guid(bcca4ea826f88734b9ed3ed85bc70bc5) Importer(815301076,1909f56bfc062723c751e8b465ee728b)  -> (artifact id: '40bd3ef0a5ce1f9e63a1fc4bc88b3970') in 0.107521 seconds 
========================================================================
Received Import Request.
  Time since last request: 0.000180 seconds.
  path: Assets/Sprite/SpriteSheet/SpriteSheet_Couleurs/adult color Idle/idle adult jaune.png
  artifactKey: Guid(dea8303f6fe3c184698e77530d2f9c48) Importer(815301076,1909f56bfc062723c751e8b465ee728b)
Start importing Assets/Sprite/SpriteSheet/SpriteSheet_Couleurs/adult color Idle/idle adult jaune.png using Guid(dea8303f6fe3c184698e77530d2f9c48) Importer(815301076,1909f56bfc062723c751e8b465ee728b)  -> (artifact id: 'ffd9d019045cf391e271f1b6bfdd8ff9') in 0.054595 seconds 
========================================================================
Received Import Request.
  Time since last request: 0.000180 seconds.
  path: Assets/Sprite/SpriteSheet/SpriteSheet_Couleurs/adult color Idle/idle adult rouge.png
  artifactKey: Guid(578d2656b4d3f624db23b2778b6df11c) Importer(815301076,1909f56bfc062723c751e8b465ee728b)
Start importing Assets/Sprite/SpriteSheet/SpriteSheet_Couleurs/adult color Idle/idle adult rouge.png using Guid(578d2656b4d3f624db23b2778b6df11c) Importer(815301076,1909f56bfc062723c751e8b465ee728b)  -> (artifact id: '4a9d2a01e51bc13f0f8e8088cae4ec58') in 0.049061 seconds 
========================================================================
Received Import Request.
  Time since last request: 0.000233 seconds.
  path: Assets/Sprite/SpriteSheet/SpriteSheet_Couleurs/adult color Idle/idle adult orange.png
  artifactKey: Guid(ad4708176e7d50840bed682d042fc75b) Importer(815301076,1909f56bfc062723c751e8b465ee728b)
Start importing Assets/Sprite/SpriteSheet/SpriteSheet_Couleurs/adult color Idle/idle adult orange.png using Guid(ad4708176e7d50840bed682d042fc75b) Importer(815301076,1909f56bfc062723c751e8b465ee728b)  -> (artifact id: '9a829b95f276921d7719ea29f1ef0fb9') in 0.050184 seconds 
========================================================================
Received Import Request.
  Time since last request: 0.000180 seconds.
  path: Assets/Sprite/SpriteSheet/SpriteSheet_Couleurs/adult color Idle/idle adult violet.png
  artifactKey: Guid(47591571cd576ee4db6d305fbf8c16f3) Importer(815301076,1909f56bfc062723c751e8b465ee728b)
Start importing Assets/Sprite/SpriteSheet/SpriteSheet_Couleurs/adult color Idle/idle adult violet.png using Guid(47591571cd576ee4db6d305fbf8c16f3) Importer(815301076,1909f56bfc062723c751e8b465ee728b)  -> (artifact id: 'a6c36a501634d26df2ce65d1c9617562') in 0.049646 seconds 
========================================================================
Received Import Request.
  Time since last request: 0.000178 seconds.
  path: Assets/Sprite/SpriteSheet/SpriteSheet_Couleurs/adult color Idle/idle adult vert.png
  artifactKey: Guid(6c2320b879b52c84eb414a3182563106) Importer(815301076,1909f56bfc062723c751e8b465ee728b)
Start importing Assets/Sprite/SpriteSheet/SpriteSheet_Couleurs/adult color Idle/idle adult vert.png using Guid(6c2320b879b52c84eb414a3182563106) Importer(815301076,1909f56bfc062723c751e8b465ee728b)  -> (artifact id: '26196f6bfaaadc1e66cf165cdb57cc42') in 0.051207 seconds 
========================================================================
Received Import Request.
  Time since last request: 0.000176 seconds.
  path: Assets/Sprite/SpriteSheet/SpriteSheet_Couleurs/adult color Idle/idle adult rose.png
  artifactKey: Guid(df500232b9687fc4698153ced0322ee6) Importer(815301076,1909f56bfc062723c751e8b465ee728b)
Start importing Assets/Sprite/SpriteSheet/SpriteSheet_Couleurs/adult color Idle/idle adult rose.png using Guid(df500232b9687fc4698153ced0322ee6) Importer(815301076,1909f56bfc062723c751e8b465ee728b)  -> (artifact id: '658dbc688dc9df8034008717874f3205') in 0.052247 seconds 
========================================================================
Received Import Request.
  Time since last request: 7.674803 seconds.
  path: Assets/Animation/baby
  artifactKey: Guid(dffb609638b851f4bb359c3155e7a0c3) Importer(815301076,1909f56bfc062723c751e8b465ee728b)
Start importing Assets/Animation/baby using Guid(dffb609638b851f4bb359c3155e7a0c3) Importer(815301076,1909f56bfc062723c751e8b465ee728b)  -> (artifact id: '7b0ac2d85a070fd202243ceadd81d5ba') in 0.003054 seconds 
========================================================================
Received Import Request.
  Time since last request: 1.026349 seconds.
  path: Assets/Animation/bleu
  artifactKey: Guid(10a12002b21473f45912548f11955169) Importer(815301076,1909f56bfc062723c751e8b465ee728b)
Start importing Assets/Animation/bleu using Guid(10a12002b21473f45912548f11955169) Importer(815301076,1909f56bfc062723c751e8b465ee728b)  -> (artifact id: 'd8746209fb5cba79e397b951d4307efc') in 0.003285 seconds 
========================================================================
Received Import Request.
  Time since last request: 41.278770 seconds.
  path: Assets/Sprite/SpriteSheet/SpriteSheet_Couleurs/Color baby walk/baby walk.png
  artifactKey: Guid(9b91285b54532f443b0f4c5835ace809) Importer(815301076,1909f56bfc062723c751e8b465ee728b)
Start importing Assets/Sprite/SpriteSheet/SpriteSheet_Couleurs/Color baby walk/baby walk.png using Guid(9b91285b54532f443b0f4c5835ace809) Importer(815301076,1909f56bfc062723c751e8b465ee728b)  -> (artifact id: '79ac6386c8f0d287fcc52498d51487fe') in 0.068005 seconds 
========================================================================
Received Prepare
Registering precompiled user dll's ...
Registered in 0.002120 seconds.
Begin MonoManager ReloadAssembly
Symbol file data-00000167F903B4B0 doesn't match image C:\Users\game2\Documents\GitHub\ColorsEnd\ColorsEnd\Library\ScriptAssemblies\Assembly-CSharp.dll
Symbol file LoadedFromMemory is not a mono symbol file
Symbol file data-00000167FB2267C0 doesn't match image C:\Users\game2\Documents\GitHub\ColorsEnd\ColorsEnd\Library\ScriptAssemblies\UnityEngine.TestRunner.dll
Symbol file LoadedFromMemory is not a mono symbol file
Symbol file data-00000167F11B1030 doesn't match image C:\Users\game2\Documents\GitHub\ColorsEnd\ColorsEnd\Library\ScriptAssemblies\Unity.Timeline.dll
Symbol file LoadedFromMemory is not a mono symbol file
Symbol file data-00000167F11BEB10 doesn't match image C:\Users\game2\Documents\GitHub\ColorsEnd\ColorsEnd\Library\ScriptAssemblies\Unity.TextMeshPro.dll
Symbol file LoadedFromMemory is not a mono symbol file
Symbol file data-00000167F17BADF0 doesn't match image C:\Users\game2\Documents\GitHub\ColorsEnd\ColorsEnd\Library\ScriptAssemblies\UnityEngine.UI.dll
Symbol file LoadedFromMemory is not a mono symbol file
Native extension for WindowsStandalone target not found
Refreshing native plugins compatible for Editor in 0.51 ms, found 2 plugins.
Preloading 0 native plugins for Editor in 0.00 ms.
Mono: successfully reloaded assembly
- Completed reload, in  0.771 seconds
Domain Reload Profiling:
	ReloadAssembly (772ms)
		BeginReloadAssembly (93ms)
			ExecutionOrderSort (0ms)
			DisableScriptedObjects (4ms)
			BackupInstance (0ms)
			ReleaseScriptingObjects (0ms)
			CreateAndSetChildDomain (30ms)
		EndReloadAssembly (634ms)
			LoadAssemblies (72ms)
			RebuildTransferFunctionScriptingTraits (0ms)
			SetupTypeCache (226ms)
			ReleaseScriptCaches (1ms)
			RebuildScriptCaches (31ms)
			SetupLoadedEditorAssemblies (231ms)
				LogAssemblyErrors (0ms)
				InitializePlatformSupportModulesInManaged (3ms)
				SetLoadedEditorAssemblies (0ms)
				RefreshPlugins (1ms)
				BeforeProcessingInitializeOnLoad (65ms)
				ProcessInitializeOnLoadAttributes (148ms)
				ProcessInitializeOnLoadMethodAttributes (11ms)
				AfterProcessingInitializeOnLoad (4ms)
				EditorAssembliesLoaded (0ms)
			ExecutionOrderSort2 (0ms)
			AwakeInstancesAfterBackupRestoration (5ms)
Platform modules already initialized, skipping
Refreshing native plugins compatible for Editor in 0.45 ms, found 2 plugins.
Preloading 0 native plugins for Editor in 0.00 ms.
Unloading 2747 Unused Serialized files (Serialized files now loaded: 0)
System memory in use before: 138.5 MB.
System memory in use after: 138.8 MB.

Unloading 12 unused Assets to reduce memory usage. Loaded Objects now: 3362.
Total: 2.732800 ms (FindLiveObjects: 0.187900 ms CreateObjectMapping: 0.079100 ms MarkObjects: 2.447300 ms  DeleteObjects: 0.017900 ms)

AssetImportParameters requested are different than current active one (requested -> active):
  custom:framework-win-MediaFoundation: 216162199b28c13a410421893ffa2e32 -> 
  custom:video-decoder-ogg-theora: a1e56fd34408186e4bbccfd4996cb3dc -> 
  custom:container-muxer-webm: aa71ff27fc2769a1b78a27578f13a17b -> 
  custom:container-demuxer-webm: 4f35f7cbe854078d1ac9338744f61a02 -> 
  custom:container-demuxer-ogg: 62fdf1f143b41e24485cea50d1cbac27 -> 
  custom:video-encoder-webm-vp8: eb34c28f22e8b96e1ab97ce403110664 -> 
  custom:video-decoder-webm-vp8: 9c59270c3fd7afecdb556c50c9e8de78 -> 
  custom:audio-decoder-ogg-vorbis: bf7c407c2cedff20999df2af8eb42d56 -> 
  custom:audio-encoder-webm-vorbis: bf7c407c2cedff20999df2af8eb42d56 -> 
========================================================================
Received Import Request.
  Time since last request: 613.377390 seconds.
  path: Assets/Audio/Music
  artifactKey: Guid(1337b2e5adf823144828d2bfb0dc2ee3) Importer(815301076,1909f56bfc062723c751e8b465ee728b)
Start importing Assets/Audio/Music using Guid(1337b2e5adf823144828d2bfb0dc2ee3) Importer(815301076,1909f56bfc062723c751e8b465ee728b)  -> (artifact id: '5920b02dfdb79e156e340b6494736385') in 0.006743 seconds 
========================================================================
Received Import Request.
  Time since last request: 6.492284 seconds.
  path: Assets/Audio/Music/MusicIngame_Loop.mp3
  artifactKey: Guid(2c744b5679a13af47b6f2d500436bb42) Importer(815301076,1909f56bfc062723c751e8b465ee728b)
Start importing Assets/Audio/Music/MusicIngame_Loop.mp3 using Guid(2c744b5679a13af47b6f2d500436bb42) Importer(815301076,1909f56bfc062723c751e8b465ee728b)  -> (artifact id: '60757d76e584f6b35efe79c5072b00a6') in 0.042896 seconds 
========================================================================
Received Import Request.
  Time since last request: 0.000198 seconds.
  path: Assets/Audio/Music/MusicMenu_Loop.mp3
  artifactKey: Guid(3a5740152c97d1f408476f6056816796) Importer(815301076,1909f56bfc062723c751e8b465ee728b)
Start importing Assets/Audio/Music/MusicMenu_Loop.mp3 using Guid(3a5740152c97d1f408476f6056816796) Importer(815301076,1909f56bfc062723c751e8b465ee728b)  -> (artifact id: 'ab93d4bb626657c99f60f64418061cc4') in 0.008101 seconds 
========================================================================
Received Prepare
Registering precompiled user dll's ...
Registered in 0.002161 seconds.
Begin MonoManager ReloadAssembly
Symbol file data-00000167FA831E00 doesn't match image C:\Users\game2\Documents\GitHub\ColorsEnd\ColorsEnd\Library\ScriptAssemblies\Assembly-CSharp.dll
Symbol file LoadedFromMemory is not a mono symbol file
Symbol file data-00000167FE9F4470 doesn't match image C:\Users\game2\Documents\GitHub\ColorsEnd\ColorsEnd\Library\ScriptAssemblies\UnityEngine.TestRunner.dll
Symbol file LoadedFromMemory is not a mono symbol file
Symbol file data-00000167F9144040 doesn't match image C:\Users\game2\Documents\GitHub\ColorsEnd\ColorsEnd\Library\ScriptAssemblies\Unity.Timeline.dll
Symbol file LoadedFromMemory is not a mono symbol file
Symbol file data-0000016821318AA0 doesn't match image C:\Users\game2\Documents\GitHub\ColorsEnd\ColorsEnd\Library\ScriptAssemblies\Unity.TextMeshPro.dll
Symbol file LoadedFromMemory is not a mono symbol file
Symbol file data-00000167FD786020 doesn't match image C:\Users\game2\Documents\GitHub\ColorsEnd\ColorsEnd\Library\ScriptAssemblies\UnityEngine.UI.dll
Symbol file LoadedFromMemory is not a mono symbol file
Native extension for WindowsStandalone target not found
Refreshing native plugins compatible for Editor in 0.50 ms, found 2 plugins.
Preloading 0 native plugins for Editor in 0.00 ms.
Mono: successfully reloaded assembly
- Completed reload, in  0.805 seconds
Domain Reload Profiling:
	ReloadAssembly (806ms)
		BeginReloadAssembly (93ms)
			ExecutionOrderSort (0ms)
			DisableScriptedObjects (3ms)
			BackupInstance (0ms)
			ReleaseScriptingObjects (0ms)
			CreateAndSetChildDomain (28ms)
		EndReloadAssembly (668ms)
			LoadAssemblies (76ms)
			RebuildTransferFunctionScriptingTraits (0ms)
			SetupTypeCache (239ms)
			ReleaseScriptCaches (1ms)
			RebuildScriptCaches (34ms)
			SetupLoadedEditorAssemblies (243ms)
				LogAssemblyErrors (0ms)
				InitializePlatformSupportModulesInManaged (3ms)
				SetLoadedEditorAssemblies (0ms)
				RefreshPlugins (1ms)
				BeforeProcessingInitializeOnLoad (67ms)
				ProcessInitializeOnLoadAttributes (157ms)
				ProcessInitializeOnLoadMethodAttributes (10ms)
				AfterProcessingInitializeOnLoad (4ms)
				EditorAssembliesLoaded (0ms)
			ExecutionOrderSort2 (0ms)
			AwakeInstancesAfterBackupRestoration (5ms)
Platform modules already initialized, skipping
Refreshing native plugins compatible for Editor in 0.46 ms, found 2 plugins.
Preloading 0 native plugins for Editor in 0.00 ms.
Unloading 2747 Unused Serialized files (Serialized files now loaded: 0)
System memory in use before: 138.7 MB.
System memory in use after: 138.9 MB.

Unloading 12 unused Assets to reduce memory usage. Loaded Objects now: 3372.
Total: 2.478200 ms (FindLiveObjects: 0.191700 ms CreateObjectMapping: 0.101600 ms MarkObjects: 2.168200 ms  DeleteObjects: 0.016100 ms)

AssetImportParameters requested are different than current active one (requested -> active):
  custom:framework-win-MediaFoundation: 216162199b28c13a410421893ffa2e32 -> 
  custom:video-decoder-ogg-theora: a1e56fd34408186e4bbccfd4996cb3dc -> 
  custom:container-muxer-webm: aa71ff27fc2769a1b78a27578f13a17b -> 
  custom:container-demuxer-webm: 4f35f7cbe854078d1ac9338744f61a02 -> 
  custom:container-demuxer-ogg: 62fdf1f143b41e24485cea50d1cbac27 -> 
  custom:video-encoder-webm-vp8: eb34c28f22e8b96e1ab97ce403110664 -> 
  custom:video-decoder-webm-vp8: 9c59270c3fd7afecdb556c50c9e8de78 -> 
  custom:audio-decoder-ogg-vorbis: bf7c407c2cedff20999df2af8eb42d56 -> 
  custom:audio-encoder-webm-vorbis: bf7c407c2cedff20999df2af8eb42d56 -> 
AssetImportWorkerClient::OnTransportError - code=2 error=End of file
